<?xml version="1.0" encoding="UTF-8" ?>
<testsuite tests="1" failures="0" name="com.qa.assessment.CucumberRunnerTest" time="0.009" errors="1" skipped="0">
  <properties>
[...]
</properties>
  <testcase classname="com.qa.assessment.CucumberRunnerTest" name="initializationError" time="0.009">
    <error message="java.util.regex.PatternSyntaxException: Illegal repetition near index 58
^change the current fullname to new a new fullname &quot;([^&quot;]*){&quot;$
                                                          ^" type="cucumber.runtime.CucumberException">cucumber.runtime.CucumberException: java.util.regex.PatternSyntaxException: Illegal repetition near index 58
^change the current fullname to new a new fullname &quot;([^&quot;]*){&quot;$
                                                          ^
	at cucumber.runtime.java.JavaBackend.addStepDefinition(JavaBackend.java:156)
	at cucumber.runtime.java.MethodScanner.scan(MethodScanner.java:68)
	at cucumber.runtime.java.MethodScanner.scan(MethodScanner.java:41)
	at cucumber.runtime.java.JavaBackend.loadGlue(JavaBackend.java:86)
	at cucumber.runtime.Runtime.&lt;init&gt;(Runtime.java:91)
	at cucumber.runtime.Runtime.&lt;init&gt;(Runtime.java:69)
	at cucumber.runtime.Runtime.&lt;init&gt;(Runtime.java:65)
	at cucumber.api.junit.Cucumber.createRuntime(Cucumber.java:78)
	at cucumber.api.junit.Cucumber.&lt;init&gt;(Cucumber.java:58)
	at sun.reflect.NativeConstructorAccessorImpl.newInstance0(Native Method)
	at sun.reflect.NativeConstructorAccessorImpl.newInstance(NativeConstructorAccessorImpl.java:62)
	at sun.reflect.DelegatingConstructorAccessorImpl.newInstance(DelegatingConstructorAccessorImpl.java:45)
	at java.lang.reflect.Constructor.newInstance(Constructor.java:423)
	at org.junit.internal.builders.AnnotatedBuilder.buildRunner(AnnotatedBuilder.java:104)
	at org.junit.internal.builders.AnnotatedBuilder.runnerForClass(AnnotatedBuilder.java:86)
	at org.junit.runners.model.RunnerBuilder.safeRunnerForClass(RunnerBuilder.java:59)
	at org.junit.internal.builders.AllDefaultPossibilitiesBuilder.runnerForClass(AllDefaultPossibilitiesBuilder.java:26)
	at org.junit.runners.model.RunnerBuilder.safeRunnerForClass(RunnerBuilder.java:59)
	at org.junit.internal.requests.ClassRequest.getRunner(ClassRequest.java:33)
	at org.apache.maven.surefire.junit4.JUnit4Provider.execute(JUnit4Provider.java:250)
	at org.apache.maven.surefire.junit4.JUnit4Provider.executeTestSet(JUnit4Provider.java:141)
	at org.apache.maven.surefire.junit4.JUnit4Provider.invoke(JUnit4Provider.java:112)
	at sun.reflect.NativeMethodAccessorImpl.invoke0(Native Method)
	at sun.reflect.NativeMethodAccessorImpl.invoke(NativeMethodAccessorImpl.java:62)
	at sun.reflect.DelegatingMethodAccessorImpl.invoke(DelegatingMethodAccessorImpl.java:43)
	at java.lang.reflect.Method.invoke(Method.java:498)
	at org.apache.maven.surefire.util.ReflectionUtils.invokeMethodWithArray(ReflectionUtils.java:189)
	at org.apache.maven.surefire.booter.ProviderFactory$ProviderProxy.invoke(ProviderFactory.java:165)
	at org.apache.maven.surefire.booter.ProviderFactory.invokeProvider(ProviderFactory.java:85)
	at org.apache.maven.surefire.booter.ForkedBooter.runSuitesInProcess(ForkedBooter.java:115)
	at org.apache.maven.surefire.booter.ForkedBooter.main(ForkedBooter.java:75)
Caused by: java.util.regex.PatternSyntaxException: Illegal repetition near index 58
^change the current fullname to new a new fullname &quot;([^&quot;]*){&quot;$
                                                          ^
	at java.util.regex.Pattern.error(Pattern.java:1955)
	at java.util.regex.Pattern.closure(Pattern.java:3157)
	at java.util.regex.Pattern.group0(Pattern.java:2912)
	at java.util.regex.Pattern.sequence(Pattern.java:2051)
	at java.util.regex.Pattern.expr(Pattern.java:1996)
	at java.util.regex.Pattern.compile(Pattern.java:1696)
	at java.util.regex.Pattern.&lt;init&gt;(Pattern.java:1351)
	at java.util.regex.Pattern.compile(Pattern.java:1028)
	at cucumber.runtime.java.JavaBackend.pattern(JavaBackend.java:201)
	at cucumber.runtime.java.JavaBackend.addStepDefinition(JavaBackend.java:151)
	... 30 more
</error>
  </testcase>
</testsuite>